-------------------------------------------------------------------------------
Test set: org.example.testRunners.runners
-------------------------------------------------------------------------------
Tests run: 1, Failures: 1, Errors: 0, Skipped: 0, Time elapsed: 0.616 s <<< FAILURE! - in org.example.testRunners.runners
org.example.testRunners.runners.setUpClass  Time elapsed: 0.563 s  <<< FAILURE!
io.cucumber.core.gherkin.FeatureParserException: 
Failed to parse resource at: file:///C:/Users/Raghad.Emad/IdeaProjects/AutomationScript/src/main/resources/features/F06_homeSlider.feature
(8:1): expected: #EOF, #TableRow, #DocStringSeparator, #StepLine, #TagLine, #ExamplesLine, #ScenarioLine, #RuleLine, #Comment, #Empty, got 'Feature: Viewing slider on homepage'

